This is pdfTeX, Version 3.1415926-2.4-1.40.13 (TeX Live 2012) (format=pdflatex 2012.6.30)  9 MAY 2013 15:48
entering extended mode
 restricted \write18 enabled.
 file:line:error style messages enabled.
 %&-line parsing enabled.
**logistic_handout.tex
(./logistic_handout.tex
LaTeX2e <2011/06/27>
Babel <v3.8m> and hyphenation patterns for english, dumylang, nohyphenation, ge
rman-x-2012-05-30, ngerman-x-2012-05-30, afrikaans, ancientgreek, ibycus, arabi
c, armenian, basque, bulgarian, catalan, pinyin, coptic, croatian, czech, danis
h, dutch, ukenglish, usenglishmax, esperanto, estonian, ethiopic, farsi, finnis
h, french, friulan, galician, german, ngerman, swissgerman, monogreek, greek, h
ungarian, icelandic, assamese, bengali, gujarati, hindi, kannada, malayalam, ma
rathi, oriya, panjabi, tamil, telugu, indonesian, interlingua, irish, italian, 
kurmanji, latin, latvian, lithuanian, mongolian, mongolianlmc, bokmal, nynorsk,
 polish, portuguese, romanian, romansh, russian, sanskrit, serbian, serbianc, s
lovak, slovenian, spanish, swedish, turkish, turkmen, ukrainian, uppersorbian, 
welsh, loaded.
(/usr/local/texlive/2012/texmf-dist/tex/latex/amscls/amsart.cls
Document Class: amsart 2009/07/02 v2.20.1
\linespacing=\dimen102
\normalparindent=\dimen103
\normaltopskip=\skip41
(/usr/local/texlive/2012/texmf-dist/tex/latex/amsmath/amsmath.sty
Package: amsmath 2000/07/18 v2.13 AMS math features
\@mathmargin=\skip42

For additional information on amsmath, use the `?' option.
(/usr/local/texlive/2012/texmf-dist/tex/latex/amsmath/amstext.sty
Package: amstext 2000/06/29 v2.01

(/usr/local/texlive/2012/texmf-dist/tex/latex/amsmath/amsgen.sty
File: amsgen.sty 1999/11/30 v2.0
\@emptytoks=\toks14
\ex@=\dimen104
))
(/usr/local/texlive/2012/texmf-dist/tex/latex/amsmath/amsbsy.sty
Package: amsbsy 1999/11/29 v1.2d
\pmbraise@=\dimen105
)
(/usr/local/texlive/2012/texmf-dist/tex/latex/amsmath/amsopn.sty
Package: amsopn 1999/12/14 v2.01 operator names
)
\inf@bad=\count79
LaTeX Info: Redefining \frac on input line 211.
\uproot@=\count80
\leftroot@=\count81
LaTeX Info: Redefining \overline on input line 307.
\classnum@=\count82
\DOTSCASE@=\count83
LaTeX Info: Redefining \ldots on input line 379.
LaTeX Info: Redefining \dots on input line 382.
LaTeX Info: Redefining \cdots on input line 467.
\Mathstrutbox@=\box26
\strutbox@=\box27
\big@size=\dimen106
LaTeX Font Info:    Redeclaring font encoding OML on input line 567.
LaTeX Font Info:    Redeclaring font encoding OMS on input line 568.
\macc@depth=\count84
\c@MaxMatrixCols=\count85
\dotsspace@=\muskip10
\c@parentequation=\count86
\dspbrk@lvl=\count87
\tag@help=\toks15
\row@=\count88
\column@=\count89
\maxfields@=\count90
\andhelp@=\toks16
\eqnshift@=\dimen107
\alignsep@=\dimen108
\tagshift@=\dimen109
\tagwidth@=\dimen110
\totwidth@=\dimen111
\lineht@=\dimen112
\@envbody=\toks17
\multlinegap=\skip43
\multlinetaggap=\skip44
\mathdisplay@stack=\toks18
LaTeX Info: Redefining \[ on input line 2666.
LaTeX Info: Redefining \] on input line 2667.
)
LaTeX Font Info:    Try loading font information for U+msa on input line 388.

(/usr/local/texlive/2012/texmf-dist/tex/latex/amsfonts/umsa.fd
File: umsa.fd 2009/06/22 v3.00 AMS symbols A
)
(/usr/local/texlive/2012/texmf-dist/tex/latex/amsfonts/amsfonts.sty
Package: amsfonts 2009/06/22 v3.00 Basic AMSFonts support
\symAMSa=\mathgroup4
\symAMSb=\mathgroup5
LaTeX Font Info:    Overwriting math alphabet `\mathfrak' in version `bold'
(Font)                  U/euf/m/n --> U/euf/b/n on input line 96.
)
\copyins=\insert233
\abstractbox=\box28
\listisep=\skip45
\c@part=\count91
\c@section=\count92
\c@subsection=\count93
\c@subsubsection=\count94
\c@paragraph=\count95
\c@subparagraph=\count96
\c@figure=\count97
\c@table=\count98
\abovecaptionskip=\skip46
\belowcaptionskip=\skip47
\captionindent=\dimen113
\thm@style=\toks19
\thm@bodyfont=\toks20
\thm@headfont=\toks21
\thm@notefont=\toks22
\thm@headpunct=\toks23
\thm@preskip=\skip48
\thm@postskip=\skip49
\thm@headsep=\skip50
\dth@everypar=\toks24
)
(/usr/local/texlive/2012/texmf-dist/tex/latex/geometry/geometry.sty
Package: geometry 2010/09/12 v5.6 Page Geometry

(/usr/local/texlive/2012/texmf-dist/tex/latex/graphics/keyval.sty
Package: keyval 1999/03/16 v1.13 key=value parser (DPC)
\KV@toks@=\toks25
)
(/usr/local/texlive/2012/texmf-dist/tex/generic/oberdiek/ifpdf.sty
Package: ifpdf 2011/01/30 v2.3 Provides the ifpdf switch (HO)
Package ifpdf Info: pdfTeX in PDF mode is detected.
)
(/usr/local/texlive/2012/texmf-dist/tex/generic/oberdiek/ifvtex.sty
Package: ifvtex 2010/03/01 v1.5 Detect VTeX and its facilities (HO)
Package ifvtex Info: VTeX not detected.
)
(/usr/local/texlive/2012/texmf-dist/tex/generic/ifxetex/ifxetex.sty
Package: ifxetex 2010/09/12 v0.6 Provides ifxetex conditional
)
\Gm@cnth=\count99
\Gm@cntv=\count100
\c@Gm@tempcnt=\count101
\Gm@bindingoffset=\dimen114
\Gm@wd@mp=\dimen115
\Gm@odd@mp=\dimen116
\Gm@even@mp=\dimen117
\Gm@layoutwidth=\dimen118
\Gm@layoutheight=\dimen119
\Gm@layouthoffset=\dimen120
\Gm@layoutvoffset=\dimen121
\Gm@dimlist=\toks26
)
(/usr/local/texlive/2012/texmf-dist/tex/latex/parskip/parskip.sty
Package: parskip 2001/04/09 non-zero parskip adjustments


LaTeX Warning: Command \@starttoc  has changed.
               Check if current package is valid.

) (/usr/local/texlive/2012/texmf-dist/tex/latex/graphics/graphicx.sty
Package: graphicx 1999/02/16 v1.0f Enhanced LaTeX Graphics (DPC,SPQR)

(/usr/local/texlive/2012/texmf-dist/tex/latex/graphics/graphics.sty
Package: graphics 2009/02/05 v1.0o Standard LaTeX Graphics (DPC,SPQR)

(/usr/local/texlive/2012/texmf-dist/tex/latex/graphics/trig.sty
Package: trig 1999/03/16 v1.09 sin cos tan (DPC)
)
(/usr/local/texlive/2012/texmf-dist/tex/latex/latexconfig/graphics.cfg
File: graphics.cfg 2010/04/23 v1.9 graphics configuration of TeX Live
)
Package graphics Info: Driver file: pdftex.def on input line 91.

(/usr/local/texlive/2012/texmf-dist/tex/latex/pdftex-def/pdftex.def
File: pdftex.def 2011/05/27 v0.06d Graphics/color for pdfTeX

(/usr/local/texlive/2012/texmf-dist/tex/generic/oberdiek/infwarerr.sty
Package: infwarerr 2010/04/08 v1.3 Providing info/warning/error messages (HO)
)
(/usr/local/texlive/2012/texmf-dist/tex/generic/oberdiek/ltxcmds.sty
Package: ltxcmds 2011/11/09 v1.22 LaTeX kernel commands for general use (HO)
)
\Gread@gobject=\count102
))
\Gin@req@height=\dimen122
\Gin@req@width=\dimen123
)
(/usr/local/texlive/2012/texmf-dist/tex/latex/amsfonts/amssymb.sty
Package: amssymb 2009/06/22 v3.00
)
(/usr/local/texlive/2012/texmf-dist/tex/latex/oberdiek/epstopdf.sty
Package: epstopdf 2010/02/09 v2.5 Conversion with epstopdf on the fly (HO)

(/usr/local/texlive/2012/texmf-dist/tex/latex/oberdiek/epstopdf-base.sty
Package: epstopdf-base 2010/02/09 v2.5 Base part for package epstopdf

(/usr/local/texlive/2012/texmf-dist/tex/latex/oberdiek/grfext.sty
Package: grfext 2010/08/19 v1.1 Manage graphics extensions (HO)

(/usr/local/texlive/2012/texmf-dist/tex/generic/oberdiek/kvdefinekeys.sty
Package: kvdefinekeys 2011/04/07 v1.3 Define keys (HO)
))
(/usr/local/texlive/2012/texmf-dist/tex/latex/oberdiek/kvoptions.sty
Package: kvoptions 2011/06/30 v3.11 Key value format for package options (HO)

(/usr/local/texlive/2012/texmf-dist/tex/generic/oberdiek/kvsetkeys.sty
Package: kvsetkeys 2012/04/25 v1.16 Key value parser (HO)

(/usr/local/texlive/2012/texmf-dist/tex/generic/oberdiek/etexcmds.sty
Package: etexcmds 2011/02/16 v1.5 Avoid name clashes with e-TeX commands (HO)

(/usr/local/texlive/2012/texmf-dist/tex/generic/oberdiek/ifluatex.sty
Package: ifluatex 2010/03/01 v1.3 Provides the ifluatex switch (HO)
Package ifluatex Info: LuaTeX not detected.
)
Package etexcmds Info: Could not find \expanded.
(etexcmds)             That can mean that you are not using pdfTeX 1.50 or
(etexcmds)             that some package has redefined \expanded.
(etexcmds)             In the latter case, load this package earlier.
)))
(/usr/local/texlive/2012/texmf-dist/tex/generic/oberdiek/pdftexcmds.sty
Package: pdftexcmds 2011/11/29 v0.20 Utility functions of pdfTeX for LuaTeX (HO
)
Package pdftexcmds Info: LuaTeX not detected.
Package pdftexcmds Info: \pdf@primitive is available.
Package pdftexcmds Info: \pdf@ifprimitive is available.
Package pdftexcmds Info: \pdfdraftmode found.
)
Package grfext Info: Graphics extension search list:
(grfext)             [.png,.pdf,.jpg,.mps,.jpeg,.jbig2,.jb2,.PNG,.PDF,.JPG,.JPE
G,.JBIG2,.JB2,.eps]
(grfext)             \AppendGraphicsExtensions on input line 452.

(/usr/local/texlive/2012/texmf-dist/tex/latex/latexconfig/epstopdf-sys.cfg
File: epstopdf-sys.cfg 2010/07/13 v1.3 Configuration of (r)epstopdf for TeX Liv
e
)))
(./logistic_handout.aux)
\openout1 = `logistic_handout.aux'.

LaTeX Font Info:    Checking defaults for OML/cmm/m/it on input line 15.
LaTeX Font Info:    ... okay on input line 15.
LaTeX Font Info:    Checking defaults for T1/cmr/m/n on input line 15.
LaTeX Font Info:    ... okay on input line 15.
LaTeX Font Info:    Checking defaults for OT1/cmr/m/n on input line 15.
LaTeX Font Info:    ... okay on input line 15.
LaTeX Font Info:    Checking defaults for OMS/cmsy/m/n on input line 15.
LaTeX Font Info:    ... okay on input line 15.
LaTeX Font Info:    Checking defaults for OMX/cmex/m/n on input line 15.
LaTeX Font Info:    ... okay on input line 15.
LaTeX Font Info:    Checking defaults for U/cmr/m/n on input line 15.
LaTeX Font Info:    ... okay on input line 15.
LaTeX Font Info:    Try loading font information for U+msa on input line 15.

(/usr/local/texlive/2012/texmf-dist/tex/latex/amsfonts/umsa.fd
File: umsa.fd 2009/06/22 v3.00 AMS symbols A
)
LaTeX Font Info:    Try loading font information for U+msb on input line 15.

(/usr/local/texlive/2012/texmf-dist/tex/latex/amsfonts/umsb.fd
File: umsb.fd 2009/06/22 v3.00 AMS symbols B
)
*geometry* driver: auto-detecting
*geometry* detected driver: pdftex
*geometry* verbose mode - [ preamble ] result:
* driver: pdftex
* paper: letterpaper
* layout: <same size as paper>
* layoutoffset:(h,v)=(0.0pt,0.0pt)
* modes: twoside 
* h-part:(L,W,R)=(72.26999pt, 469.75502pt, 72.26999pt)
* v-part:(T,H,B)=(72.26999pt, 650.43001pt, 72.26999pt)
* \paperwidth=614.295pt
* \paperheight=794.96999pt
* \textwidth=469.75502pt
* \textheight=650.43001pt
* \oddsidemargin=0.0pt
* \evensidemargin=0.0pt
* \topmargin=-22.0pt
* \headheight=8.0pt
* \headsep=14.0pt
* \topskip=10.0pt
* \footskip=12.0pt
* \marginparwidth=90.0pt
* \marginparsep=11.0pt
* \columnsep=10.0pt
* \skip\footins=7.0pt plus 11.0pt
* \hoffset=0.0pt
* \voffset=0.0pt
* \mag=1000
* \@twocolumnfalse
* \@twosidetrue
* \@mparswitchtrue
* \@reversemarginfalse
* (1in=72.27pt=25.4mm, 1cm=28.453pt)

(/usr/local/texlive/2012/texmf-dist/tex/context/base/supp-pdf.mkii
[Loading MPS to PDF converter (version 2006.09.02).]
\scratchcounter=\count103
\scratchdimen=\dimen124
\scratchbox=\box29
\nofMPsegments=\count104
\nofMParguments=\count105
\everyMPshowfont=\toks27
\MPscratchCnt=\count106
\MPscratchDim=\dimen125
\MPnumerator=\count107
\makeMPintoPDFobject=\count108
\everyMPtoPDFconversion=\toks28
) [1{/usr/local/texlive/2012/texmf-var/fonts/map/pdftex/updmap/pdftex.map}]
[2] [3] <logisticcurve.pdf, id=22, 397.485pt x 289.08pt>
File: logisticcurve.pdf Graphic file (type pdf)

<use logisticcurve.pdf>
Package pdftex.def Info: logisticcurve.pdf used on input line 136.
(pdftex.def)             Requested size: 375.80544pt x 273.32318pt.

Overfull \hbox (1.73857pt too wide) in paragraph at lines 141--142
 \OT1/cmr/m/n/12 2.2.\OT1/cmr/bx/n/12 Logistic Re-gres-sion.[] \OT1/cmr/m/n/12 
Let's see lo-gis-tic re-gres-sion in ac-tion. Us-ing the \OT1/cmtt/m/n/12 hire7
71 \OT1/cmr/m/n/12 dataset,
 []


Overfull \hbox (11.89522pt too wide) in paragraph at lines 168--168
[]\OT1/cmtt/m/n/12 Logistic regression                               Number of 
obs   =       3131[] 
 []


Overfull \hbox (11.89522pt too wide) in paragraph at lines 168--168
[]                                                  \OT1/cmtt/m/n/12 LR chi2(1)
      =     187.18[] 
 []


Overfull \hbox (11.89522pt too wide) in paragraph at lines 168--168
[]                                                  \OT1/cmtt/m/n/12 Prob > chi
2     =     0.0000[] 
 []


Overfull \hbox (11.89522pt too wide) in paragraph at lines 168--168
[]\OT1/cmtt/m/n/12 Log likelihood = -1310.9328                       Pseudo R2 
      =     0.0666[] 
 []


Overfull \hbox (11.89522pt too wide) in paragraph at lines 168--168
[]\OT1/cmtt/m/n/12 ------------------------------------------------------------
------------------[] 
 []


Overfull \hbox (11.89522pt too wide) in paragraph at lines 168--168
[]          \OT1/cmtt/m/n/12 HO |      Coef.   Std. Err.      z    P>|z|     [9
5% Conf. Interval][] 
 []


Overfull \hbox (11.89522pt too wide) in paragraph at lines 168--168
[]\OT1/cmtt/m/n/12 -------------+----------------------------------------------
------------------[] 
 []


Overfull \hbox (11.89522pt too wide) in paragraph at lines 168--168
[]         \OT1/cmtt/m/n/12 sex |  -1.559599   .1101681   -14.16   0.000    -1.
775524   -1.343673[] 
 []


Overfull \hbox (11.89522pt too wide) in paragraph at lines 168--168
[]       \OT1/cmtt/m/n/12 _cons |  -.4071907   .0928957    -4.38   0.000     -.
589263   -.2251184[] 
 []


Overfull \hbox (11.89522pt too wide) in paragraph at lines 168--168
[]\OT1/cmtt/m/n/12 ------------------------------------------------------------
------------------[] 
 []

[4] [5 <./logisticcurve.pdf>] [6]
Overfull \hbox (11.89522pt too wide) in paragraph at lines 224--224
[]\OT1/cmtt/m/n/12 Logistic regression                               Number of 
obs   =       3131[] 
 []


Overfull \hbox (11.89522pt too wide) in paragraph at lines 224--224
[]                                                  \OT1/cmtt/m/n/12 LR chi2(1)
      =     187.18[] 
 []


Overfull \hbox (11.89522pt too wide) in paragraph at lines 224--224
[]                                                  \OT1/cmtt/m/n/12 Prob > chi
2     =     0.0000[] 
 []


Overfull \hbox (11.89522pt too wide) in paragraph at lines 224--224
[]\OT1/cmtt/m/n/12 Log likelihood = -1310.9328                       Pseudo R2 
      =     0.0666[] 
 []


Overfull \hbox (11.89522pt too wide) in paragraph at lines 224--224
[]\OT1/cmtt/m/n/12 ------------------------------------------------------------
------------------[] 
 []


Overfull \hbox (11.89522pt too wide) in paragraph at lines 224--224
[]          \OT1/cmtt/m/n/12 HO | Odds Ratio   Std. Err.      z    P>|z|     [9
5% Conf. Interval][] 
 []


Overfull \hbox (11.89522pt too wide) in paragraph at lines 224--224
[]\OT1/cmtt/m/n/12 -------------+----------------------------------------------
------------------[] 
 []


Overfull \hbox (11.89522pt too wide) in paragraph at lines 224--224
[]         \OT1/cmtt/m/n/12 sex |   .2102204   .0231596   -14.16   0.000     .1
693946    .2608856[] 
 []


Overfull \hbox (11.89522pt too wide) in paragraph at lines 224--224
[]\OT1/cmtt/m/n/12 ------------------------------------------------------------
------------------[] 
 []


Overfull \hbox (11.89522pt too wide) in paragraph at lines 248--248
[]\OT1/cmtt/m/n/12 Logistic regression                               Number of 
obs   =       3131[] 
 []


Overfull \hbox (11.89522pt too wide) in paragraph at lines 248--248
[]                                                  \OT1/cmtt/m/n/12 LR chi2(1)
      =     187.18[] 
 []


Overfull \hbox (11.89522pt too wide) in paragraph at lines 248--248
[]                                                  \OT1/cmtt/m/n/12 Prob > chi
2     =     0.0000[] 
 []


Overfull \hbox (11.89522pt too wide) in paragraph at lines 248--248
[]\OT1/cmtt/m/n/12 Log likelihood = -1310.9328                       Pseudo R2 
      =     0.0666[] 
 []


Overfull \hbox (11.89522pt too wide) in paragraph at lines 248--248
[]\OT1/cmtt/m/n/12 ------------------------------------------------------------
------------------[] 
 []


Overfull \hbox (11.89522pt too wide) in paragraph at lines 248--248
[]          \OT1/cmtt/m/n/12 HO |      Coef.   Std. Err.      z    P>|z|     [9
5% Conf. Interval][] 
 []


Overfull \hbox (11.89522pt too wide) in paragraph at lines 248--248
[]\OT1/cmtt/m/n/12 -------------+----------------------------------------------
------------------[] 
 []


Overfull \hbox (11.89522pt too wide) in paragraph at lines 248--248
[]         \OT1/cmtt/m/n/12 sex |  -1.559599   .1101681   -14.16   0.000    -1.
775524   -1.343673[] 
 []


Overfull \hbox (11.89522pt too wide) in paragraph at lines 248--248
[]       \OT1/cmtt/m/n/12 _cons |  -.4071907   .0928957    -4.38   0.000     -.
589263   -.2251184[] 
 []


Overfull \hbox (11.89522pt too wide) in paragraph at lines 248--248
[]\OT1/cmtt/m/n/12 ------------------------------------------------------------
------------------[] 
 []

[7] [8]
Overfull \hbox (11.89522pt too wide) in paragraph at lines 313--313
[]\OT1/cmtt/m/n/12 Logistic regression                               Number of 
obs   =       3131[] 
 []


Overfull \hbox (11.89522pt too wide) in paragraph at lines 313--313
[]                                                  \OT1/cmtt/m/n/12 LR chi2(2)
      =     219.85[] 
 []


Overfull \hbox (11.89522pt too wide) in paragraph at lines 313--313
[]                                                  \OT1/cmtt/m/n/12 Prob > chi
2     =     0.0000[] 
 []


Overfull \hbox (11.89522pt too wide) in paragraph at lines 313--313
[]\OT1/cmtt/m/n/12 Log likelihood = -1294.5968                       Pseudo R2 
      =     0.0783[] 
 []


Overfull \hbox (11.89522pt too wide) in paragraph at lines 313--313
[]\OT1/cmtt/m/n/12 ------------------------------------------------------------
------------------[] 
 []


Overfull \hbox (11.89522pt too wide) in paragraph at lines 313--313
[]          \OT1/cmtt/m/n/12 HO | Odds Ratio   Std. Err.      z    P>|z|     [9
5% Conf. Interval][] 
 []


Overfull \hbox (11.89522pt too wide) in paragraph at lines 313--313
[]\OT1/cmtt/m/n/12 -------------+----------------------------------------------
------------------[] 
 []


Overfull \hbox (11.89522pt too wide) in paragraph at lines 313--313
[]         \OT1/cmtt/m/n/12 sex |   .2646735   .0310714   -11.32   0.000     .2
102731    .3331481[] 
 []


Overfull \hbox (11.89522pt too wide) in paragraph at lines 313--313
[]        \OT1/cmtt/m/n/12 educ |   1.141559   .0262861     5.75   0.000     1.
091185     1.19426[] 
 []


Overfull \hbox (11.89522pt too wide) in paragraph at lines 313--313
[]\OT1/cmtt/m/n/12 ------------------------------------------------------------
------------------[] 
 []

[9] [10] [11]
Overfull \hbox (11.89522pt too wide) in paragraph at lines 440--440
[]\OT1/cmtt/m/n/12 Logistic regression                               Number of 
obs   =         20[] 
 []


Overfull \hbox (11.89522pt too wide) in paragraph at lines 440--440
[]                                                  \OT1/cmtt/m/n/12 LR chi2(1)
      =       7.65[] 
 []


Overfull \hbox (11.89522pt too wide) in paragraph at lines 440--440
[]                                                  \OT1/cmtt/m/n/12 Prob > chi
2     =     0.0057[] 
 []


Overfull \hbox (11.89522pt too wide) in paragraph at lines 440--440
[]\OT1/cmtt/m/n/12 Log likelihood =  -7.421546                       Pseudo R2 
      =     0.3401[] 
 []


Overfull \hbox (11.89522pt too wide) in paragraph at lines 440--440
[]\OT1/cmtt/m/n/12 ------------------------------------------------------------
------------------[] 
 []


Overfull \hbox (11.89522pt too wide) in paragraph at lines 440--440
[]        \OT1/cmtt/m/n/12 guns |      Coef.   Std. Err.      z    P>|z|     [9
5% Conf. Interval][] 
 []


Overfull \hbox (11.89522pt too wide) in paragraph at lines 440--440
[]\OT1/cmtt/m/n/12 -------------+----------------------------------------------
------------------[] 
 []


Overfull \hbox (11.89522pt too wide) in paragraph at lines 440--440
[]        \OT1/cmtt/m/n/12 male |  -3.258097   1.351637    -2.41   0.016    -5.
907257   -.6089363[] 
 []


Overfull \hbox (11.89522pt too wide) in paragraph at lines 440--440
[]       \OT1/cmtt/m/n/12 _cons |   2.564949   1.037749     2.47   0.013     .5
309986      4.5989[] 
 []


Overfull \hbox (11.89522pt too wide) in paragraph at lines 440--440
[]\OT1/cmtt/m/n/12 ------------------------------------------------------------
------------------[] 
 []

[12] [13]
Underfull \vbox (badness 3635) has occurred while \output is active []

 [14]
[15] (./logistic_handout.aux)

LaTeX Warning: Label(s) may have changed. Rerun to get cross-references right.

 ) 
Here is how much of TeX's memory you used:
 3344 strings out of 493488
 43994 string characters out of 3141326
 113884 words of memory out of 3000000
 6447 multiletter control sequences out of 15000+200000
 11406 words of font info for 45 fonts, out of 3000000 for 9000
 1118 hyphenation exceptions out of 8191
 42i,10n,32p,1063b,338s stack positions out of 5000i,500n,10000p,200000b,50000s
</usr/local/texlive/2012/texmf-dist/fonts/type1/public/amsfonts/cm/cmbx12.pfb
></usr/local/texlive/2012/texmf-dist/fonts/type1/public/amsfonts/cm/cmcsc10.pfb
></usr/local/texlive/2012/texmf-dist/fonts/type1/public/amsfonts/cm/cmex10.pfb>
</usr/local/texlive/2012/texmf-dist/fonts/type1/public/amsfonts/cm/cmmi12.pfb><
/usr/local/texlive/2012/texmf-dist/fonts/type1/public/amsfonts/cm/cmmi8.pfb></u
sr/local/texlive/2012/texmf-dist/fonts/type1/public/amsfonts/cm/cmr10.pfb></usr
/local/texlive/2012/texmf-dist/fonts/type1/public/amsfonts/cm/cmr12.pfb></usr/l
ocal/texlive/2012/texmf-dist/fonts/type1/public/amsfonts/cm/cmr7.pfb></usr/loca
l/texlive/2012/texmf-dist/fonts/type1/public/amsfonts/cm/cmr8.pfb></usr/local/t
exlive/2012/texmf-dist/fonts/type1/public/amsfonts/cm/cmr9.pfb></usr/local/texl
ive/2012/texmf-dist/fonts/type1/public/amsfonts/cm/cmsy10.pfb></usr/local/texli
ve/2012/texmf-dist/fonts/type1/public/amsfonts/cm/cmsy8.pfb></usr/local/texlive
/2012/texmf-dist/fonts/type1/public/amsfonts/cm/cmti10.pfb></usr/local/texlive/
2012/texmf-dist/fonts/type1/public/amsfonts/cm/cmtt12.pfb>
Output written on logistic_handout.pdf (15 pages, 196055 bytes).
PDF statistics:
 121 PDF objects out of 1000 (max. 8388607)
 86 compressed objects within 1 object stream
 0 named destinations out of 1000 (max. 500000)
 6 words of extra memory for PDF output out of 10000 (max. 10000000)

