This is pdfTeX, Version 3.1415926-2.4-1.40.13 (TeX Live 2012) (format=pdflatex 2012.6.30)  25 FEB 2014 09:52
entering extended mode
 restricted \write18 enabled.
 file:line:error style messages enabled.
 %&-line parsing enabled.
**regression
(./regression
LaTeX2e <2011/06/27>
Babel <v3.8m> and hyphenation patterns for english, dumylang, nohyphenation, ge
rman-x-2012-05-30, ngerman-x-2012-05-30, afrikaans, ancientgreek, ibycus, arabi
c, armenian, basque, bulgarian, catalan, pinyin, coptic, croatian, czech, danis
h, dutch, ukenglish, usenglishmax, esperanto, estonian, ethiopic, farsi, finnis
h, french, friulan, galician, german, ngerman, swissgerman, monogreek, greek, h
ungarian, icelandic, assamese, bengali, gujarati, hindi, kannada, malayalam, ma
rathi, oriya, panjabi, tamil, telugu, indonesian, interlingua, irish, italian, 
kurmanji, latin, latvian, lithuanian, mongolian, mongolianlmc, bokmal, nynorsk,
 polish, portuguese, romanian, romansh, russian, sanskrit, serbian, serbianc, s
lovak, slovenian, spanish, swedish, turkish, turkmen, ukrainian, uppersorbian, 
welsh, loaded.
(/usr/local/texlive/2012/texmf-dist/tex/latex/amscls/amsart.cls
Document Class: amsart 2009/07/02 v2.20.1
\linespacing=\dimen102
\normalparindent=\dimen103
\normaltopskip=\skip41
(/usr/local/texlive/2012/texmf-dist/tex/latex/amsmath/amsmath.sty
Package: amsmath 2000/07/18 v2.13 AMS math features
\@mathmargin=\skip42

For additional information on amsmath, use the `?' option.
(/usr/local/texlive/2012/texmf-dist/tex/latex/amsmath/amstext.sty
Package: amstext 2000/06/29 v2.01

(/usr/local/texlive/2012/texmf-dist/tex/latex/amsmath/amsgen.sty
File: amsgen.sty 1999/11/30 v2.0
\@emptytoks=\toks14
\ex@=\dimen104
))
(/usr/local/texlive/2012/texmf-dist/tex/latex/amsmath/amsbsy.sty
Package: amsbsy 1999/11/29 v1.2d
\pmbraise@=\dimen105
)
(/usr/local/texlive/2012/texmf-dist/tex/latex/amsmath/amsopn.sty
Package: amsopn 1999/12/14 v2.01 operator names
)
\inf@bad=\count79
LaTeX Info: Redefining \frac on input line 211.
\uproot@=\count80
\leftroot@=\count81
LaTeX Info: Redefining \overline on input line 307.
\classnum@=\count82
\DOTSCASE@=\count83
LaTeX Info: Redefining \ldots on input line 379.
LaTeX Info: Redefining \dots on input line 382.
LaTeX Info: Redefining \cdots on input line 467.
\Mathstrutbox@=\box26
\strutbox@=\box27
\big@size=\dimen106
LaTeX Font Info:    Redeclaring font encoding OML on input line 567.
LaTeX Font Info:    Redeclaring font encoding OMS on input line 568.
\macc@depth=\count84
\c@MaxMatrixCols=\count85
\dotsspace@=\muskip10
\c@parentequation=\count86
\dspbrk@lvl=\count87
\tag@help=\toks15
\row@=\count88
\column@=\count89
\maxfields@=\count90
\andhelp@=\toks16
\eqnshift@=\dimen107
\alignsep@=\dimen108
\tagshift@=\dimen109
\tagwidth@=\dimen110
\totwidth@=\dimen111
\lineht@=\dimen112
\@envbody=\toks17
\multlinegap=\skip43
\multlinetaggap=\skip44
\mathdisplay@stack=\toks18
LaTeX Info: Redefining \[ on input line 2666.
LaTeX Info: Redefining \] on input line 2667.
)
LaTeX Font Info:    Try loading font information for U+msa on input line 388.

(/usr/local/texlive/2012/texmf-dist/tex/latex/amsfonts/umsa.fd
File: umsa.fd 2009/06/22 v3.00 AMS symbols A
)
(/usr/local/texlive/2012/texmf-dist/tex/latex/amsfonts/amsfonts.sty
Package: amsfonts 2009/06/22 v3.00 Basic AMSFonts support
\symAMSa=\mathgroup4
\symAMSb=\mathgroup5
LaTeX Font Info:    Overwriting math alphabet `\mathfrak' in version `bold'
(Font)                  U/euf/m/n --> U/euf/b/n on input line 96.
)
\copyins=\insert233
\abstractbox=\box28
\listisep=\skip45
\c@part=\count91
\c@section=\count92
\c@subsection=\count93
\c@subsubsection=\count94
\c@paragraph=\count95
\c@subparagraph=\count96
\c@figure=\count97
\c@table=\count98
\abovecaptionskip=\skip46
\belowcaptionskip=\skip47
\captionindent=\dimen113
\thm@style=\toks19
\thm@bodyfont=\toks20
\thm@headfont=\toks21
\thm@notefont=\toks22
\thm@headpunct=\toks23
\thm@preskip=\skip48
\thm@postskip=\skip49
\thm@headsep=\skip50
\dth@everypar=\toks24
)
(/usr/local/texlive/2012/texmf-dist/tex/latex/geometry/geometry.sty
Package: geometry 2010/09/12 v5.6 Page Geometry

(/usr/local/texlive/2012/texmf-dist/tex/latex/graphics/keyval.sty
Package: keyval 1999/03/16 v1.13 key=value parser (DPC)
\KV@toks@=\toks25
)
(/usr/local/texlive/2012/texmf-dist/tex/generic/oberdiek/ifpdf.sty
Package: ifpdf 2011/01/30 v2.3 Provides the ifpdf switch (HO)
Package ifpdf Info: pdfTeX in PDF mode is detected.
)
(/usr/local/texlive/2012/texmf-dist/tex/generic/oberdiek/ifvtex.sty
Package: ifvtex 2010/03/01 v1.5 Detect VTeX and its facilities (HO)
Package ifvtex Info: VTeX not detected.
)
(/usr/local/texlive/2012/texmf-dist/tex/generic/ifxetex/ifxetex.sty
Package: ifxetex 2010/09/12 v0.6 Provides ifxetex conditional
)
\Gm@cnth=\count99
\Gm@cntv=\count100
\c@Gm@tempcnt=\count101
\Gm@bindingoffset=\dimen114
\Gm@wd@mp=\dimen115
\Gm@odd@mp=\dimen116
\Gm@even@mp=\dimen117
\Gm@layoutwidth=\dimen118
\Gm@layoutheight=\dimen119
\Gm@layouthoffset=\dimen120
\Gm@layoutvoffset=\dimen121
\Gm@dimlist=\toks26
)
(/usr/local/texlive/2012/texmf-dist/tex/latex/parskip/parskip.sty
Package: parskip 2001/04/09 non-zero parskip adjustments


LaTeX Warning: Command \@starttoc  has changed.
               Check if current package is valid.

) (/usr/local/texlive/2012/texmf-dist/tex/latex/graphics/graphicx.sty
Package: graphicx 1999/02/16 v1.0f Enhanced LaTeX Graphics (DPC,SPQR)

(/usr/local/texlive/2012/texmf-dist/tex/latex/graphics/graphics.sty
Package: graphics 2009/02/05 v1.0o Standard LaTeX Graphics (DPC,SPQR)

(/usr/local/texlive/2012/texmf-dist/tex/latex/graphics/trig.sty
Package: trig 1999/03/16 v1.09 sin cos tan (DPC)
)
(/usr/local/texlive/2012/texmf-dist/tex/latex/latexconfig/graphics.cfg
File: graphics.cfg 2010/04/23 v1.9 graphics configuration of TeX Live
)
Package graphics Info: Driver file: pdftex.def on input line 91.

(/usr/local/texlive/2012/texmf-dist/tex/latex/pdftex-def/pdftex.def
File: pdftex.def 2011/05/27 v0.06d Graphics/color for pdfTeX

(/usr/local/texlive/2012/texmf-dist/tex/generic/oberdiek/infwarerr.sty
Package: infwarerr 2010/04/08 v1.3 Providing info/warning/error messages (HO)
)
(/usr/local/texlive/2012/texmf-dist/tex/generic/oberdiek/ltxcmds.sty
Package: ltxcmds 2011/11/09 v1.22 LaTeX kernel commands for general use (HO)
)
\Gread@gobject=\count102
))
\Gin@req@height=\dimen122
\Gin@req@width=\dimen123
)
(/usr/local/texlive/2012/texmf-dist/tex/latex/amsfonts/amssymb.sty
Package: amssymb 2009/06/22 v3.00
)
(/usr/local/texlive/2012/texmf-dist/tex/latex/oberdiek/epstopdf.sty
Package: epstopdf 2010/02/09 v2.5 Conversion with epstopdf on the fly (HO)

(/usr/local/texlive/2012/texmf-dist/tex/latex/oberdiek/epstopdf-base.sty
Package: epstopdf-base 2010/02/09 v2.5 Base part for package epstopdf

(/usr/local/texlive/2012/texmf-dist/tex/latex/oberdiek/grfext.sty
Package: grfext 2010/08/19 v1.1 Manage graphics extensions (HO)

(/usr/local/texlive/2012/texmf-dist/tex/generic/oberdiek/kvdefinekeys.sty
Package: kvdefinekeys 2011/04/07 v1.3 Define keys (HO)
))
(/usr/local/texlive/2012/texmf-dist/tex/latex/oberdiek/kvoptions.sty
Package: kvoptions 2011/06/30 v3.11 Key value format for package options (HO)

(/usr/local/texlive/2012/texmf-dist/tex/generic/oberdiek/kvsetkeys.sty
Package: kvsetkeys 2012/04/25 v1.16 Key value parser (HO)

(/usr/local/texlive/2012/texmf-dist/tex/generic/oberdiek/etexcmds.sty
Package: etexcmds 2011/02/16 v1.5 Avoid name clashes with e-TeX commands (HO)

(/usr/local/texlive/2012/texmf-dist/tex/generic/oberdiek/ifluatex.sty
Package: ifluatex 2010/03/01 v1.3 Provides the ifluatex switch (HO)
Package ifluatex Info: LuaTeX not detected.
)
Package etexcmds Info: Could not find \expanded.
(etexcmds)             That can mean that you are not using pdfTeX 1.50 or
(etexcmds)             that some package has redefined \expanded.
(etexcmds)             In the latter case, load this package earlier.
)))
(/usr/local/texlive/2012/texmf-dist/tex/generic/oberdiek/pdftexcmds.sty
Package: pdftexcmds 2011/11/29 v0.20 Utility functions of pdfTeX for LuaTeX (HO
)
Package pdftexcmds Info: LuaTeX not detected.
Package pdftexcmds Info: \pdf@primitive is available.
Package pdftexcmds Info: \pdf@ifprimitive is available.
Package pdftexcmds Info: \pdfdraftmode found.
)
Package grfext Info: Graphics extension search list:
(grfext)             [.png,.pdf,.jpg,.mps,.jpeg,.jbig2,.jb2,.PNG,.PDF,.JPG,.JPE
G,.JBIG2,.JB2,.eps]
(grfext)             \AppendGraphicsExtensions on input line 452.

(/usr/local/texlive/2012/texmf-dist/tex/latex/latexconfig/epstopdf-sys.cfg
File: epstopdf-sys.cfg 2010/07/13 v1.3 Configuration of (r)epstopdf for TeX Liv
e
)))
(/usr/local/texlive/2012/texmf-dist/tex/latex/multirow/multirow.sty
\bigstrutjot=\dimen124
)
(/usr/local/texlive/2012/texmf-dist/tex/latex/subfig/subfig.sty
Package: subfig 2005/06/28 ver: 1.3 subfig package

(/usr/local/texlive/2012/texmf-dist/tex/latex/caption/caption.sty
Package: caption 2012/02/19 v3.2f Customizing captions (AR)

(/usr/local/texlive/2012/texmf-dist/tex/latex/caption/caption3.sty
Package: caption3 2012/01/12 v1.4b caption3 kernel (AR)
\captionmargin=\dimen125
\captionmargin@=\dimen126
\captionwidth=\dimen127
\caption@indent=\dimen128
\caption@parindent=\dimen129
\caption@hangindent=\dimen130
)
Package caption Info: AMS or SMF document class.
\c@ContinuedFloat=\count103
)
\c@KVtest=\count104
\sf@farskip=\skip51
\sf@captopadj=\dimen131
\sf@capskip=\skip52
\sf@nearskip=\skip53
\c@subfigure=\count105
\c@subfigure@save=\count106
\c@lofdepth=\count107
\c@subtable=\count108
\c@subtable@save=\count109
\c@lotdepth=\count110
\sf@top=\skip54
\sf@bottom=\skip55
)
(/usr/local/texlive/2012/texmf-dist/tex/latex/float/float.sty
Package: float 2001/11/08 v1.3d Float enhancements (AL)
\c@float@type=\count111
\float@exts=\toks27
\float@box=\box29
\@float@everytoks=\toks28
\@floatcapt=\box30
)
(./regression.aux)
\openout1 = `regression.aux'.

LaTeX Font Info:    Checking defaults for OML/cmm/m/it on input line 16.
LaTeX Font Info:    ... okay on input line 16.
LaTeX Font Info:    Checking defaults for T1/cmr/m/n on input line 16.
LaTeX Font Info:    ... okay on input line 16.
LaTeX Font Info:    Checking defaults for OT1/cmr/m/n on input line 16.
LaTeX Font Info:    ... okay on input line 16.
LaTeX Font Info:    Checking defaults for OMS/cmsy/m/n on input line 16.
LaTeX Font Info:    ... okay on input line 16.
LaTeX Font Info:    Checking defaults for OMX/cmex/m/n on input line 16.
LaTeX Font Info:    ... okay on input line 16.
LaTeX Font Info:    Checking defaults for U/cmr/m/n on input line 16.
LaTeX Font Info:    ... okay on input line 16.
LaTeX Font Info:    Try loading font information for U+msa on input line 16.

(/usr/local/texlive/2012/texmf-dist/tex/latex/amsfonts/umsa.fd
File: umsa.fd 2009/06/22 v3.00 AMS symbols A
)
LaTeX Font Info:    Try loading font information for U+msb on input line 16.

(/usr/local/texlive/2012/texmf-dist/tex/latex/amsfonts/umsb.fd
File: umsb.fd 2009/06/22 v3.00 AMS symbols B
)
*geometry* driver: auto-detecting
*geometry* detected driver: pdftex
*geometry* verbose mode - [ preamble ] result:
* driver: pdftex
* paper: letterpaper
* layout: <same size as paper>
* layoutoffset:(h,v)=(0.0pt,0.0pt)
* modes: twoside 
* h-part:(L,W,R)=(72.26999pt, 469.75502pt, 72.26999pt)
* v-part:(T,H,B)=(72.26999pt, 650.43001pt, 72.26999pt)
* \paperwidth=614.295pt
* \paperheight=794.96999pt
* \textwidth=469.75502pt
* \textheight=650.43001pt
* \oddsidemargin=0.0pt
* \evensidemargin=0.0pt
* \topmargin=-22.0pt
* \headheight=8.0pt
* \headsep=14.0pt
* \topskip=10.0pt
* \footskip=12.0pt
* \marginparwidth=90.0pt
* \marginparsep=11.0pt
* \columnsep=10.0pt
* \skip\footins=7.0pt plus 11.0pt
* \hoffset=0.0pt
* \voffset=0.0pt
* \mag=1000
* \@twocolumnfalse
* \@twosidetrue
* \@mparswitchtrue
* \@reversemarginfalse
* (1in=72.27pt=25.4mm, 1cm=28.453pt)

(/usr/local/texlive/2012/texmf-dist/tex/context/base/supp-pdf.mkii
[Loading MPS to PDF converter (version 2006.09.02).]
\scratchcounter=\count112
\scratchdimen=\dimen132
\scratchbox=\box31
\nofMPsegments=\count113
\nofMParguments=\count114
\everyMPshowfont=\toks29
\MPscratchCnt=\count115
\MPscratchDim=\dimen133
\MPnumerator=\count116
\makeMPintoPDFobject=\count117
\everyMPtoPDFconversion=\toks30
)
Package caption Info: Begin \AtBeginDocument code.
Package caption Info: subfig package v1.3 is loaded.
Package caption Info: float package is loaded.
Package caption Info: End \AtBeginDocument code.
 [1{/usr/local/texlive/2012/texmf-var/fonts/map/pdftex/updmap/pdftex.map}]
Overfull \hbox (11.89522pt too wide) in paragraph at lines 95--95
[]      \OT1/cmtt/m/n/12 Source |       SS       df       MS              Numbe
r of obs =    3131[] 
 []


Overfull \hbox (11.89522pt too wide) in paragraph at lines 95--95
[]\OT1/cmtt/m/n/12 -------------+------------------------------           F(  1
,  3129) =  298.30[] 
 []


Overfull \hbox (11.89522pt too wide) in paragraph at lines 95--95
[]       \OT1/cmtt/m/n/12 Model |  1305182.04     1  1305182.04           Prob 
> F      =  0.0000[] 
 []


Overfull \hbox (11.89522pt too wide) in paragraph at lines 95--95
[]    \OT1/cmtt/m/n/12 Residual |  13690681.7  3129  4375.41762           R-squ
ared     =  0.0870[] 
 []


Overfull \hbox (11.89522pt too wide) in paragraph at lines 95--95
[]\OT1/cmtt/m/n/12 -------------+------------------------------           Adj R
-squared =  0.0867[] 
 []


Overfull \hbox (11.89522pt too wide) in paragraph at lines 95--95
[]       \OT1/cmtt/m/n/12 Total |  14995863.8  3130  4791.01079           Root 
MSE      =  66.147[] 
 []


Overfull \hbox (11.89522pt too wide) in paragraph at lines 95--95
[]\OT1/cmtt/m/n/12 ------------------------------------------------------------
------------------[] 
 []


Overfull \hbox (11.89522pt too wide) in paragraph at lines 95--95
[]      \OT1/cmtt/m/n/12 salary |      Coef.   Std. Err.      t    P>|t|     [9
5% Conf. Interval][] 
 []


Overfull \hbox (11.89522pt too wide) in paragraph at lines 95--95
[]\OT1/cmtt/m/n/12 -------------+----------------------------------------------
------------------[] 
 []


Overfull \hbox (11.89522pt too wide) in paragraph at lines 95--95
[]         \OT1/cmtt/m/n/12 age |   2.335512   .1352248    17.27   0.000     2.
070374    2.600651[] 
 []


Overfull \hbox (11.89522pt too wide) in paragraph at lines 95--95
[]       \OT1/cmtt/m/n/12 _cons |   93.82819   3.832623    24.48   0.000     86
.31348    101.3429[] 
 []


Overfull \hbox (11.89522pt too wide) in paragraph at lines 95--95
[]\OT1/cmtt/m/n/12 ------------------------------------------------------------
------------------[] 
 []

[2] [3] <res1.pdf, id=23, 397.485pt x 289.08pt>
File: res1.pdf Graphic file (type pdf)
 <use res1.pdf>
Package pdftex.def Info: res1.pdf used on input line 142.
(pdftex.def)             Requested size: 140.92793pt x 102.49399pt.

<res2.pdf, id=24, 397.485pt x 289.08pt>
File: res2.pdf Graphic file (type pdf)
 <use res2.pdf>
Package pdftex.def Info: res2.pdf used on input line 143.
(pdftex.def)             Requested size: 140.92793pt x 102.49399pt.

<res4.pdf, id=25, 397.485pt x 289.08pt>
File: res4.pdf Graphic file (type pdf)
 <use res4.pdf>
Package pdftex.def Info: res4.pdf used on input line 144.
(pdftex.def)             Requested size: 140.92793pt x 102.49399pt.
 [4 <./res1.pdf> <./res2.pdf> <./res4.pdf>] <pnorm1.pdf, id=62, 397.485pt x 289
.08pt>
File: pnorm1.pdf Graphic file (type pdf)
 <use pnorm1.pdf>
Package pdftex.def Info: pnorm1.pdf used on input line 158.
(pdftex.def)             Requested size: 187.89914pt x 136.65718pt.

<pnorm2.pdf, id=63, 397.485pt x 289.08pt>
File: pnorm2.pdf Graphic file (type pdf)
 <use pnorm2.pdf>
Package pdftex.def Info: pnorm2.pdf used on input line 159.
(pdftex.def)             Requested size: 187.89914pt x 136.65718pt.
 [5 <./pnorm1.pdf> <./pnorm2.pdf>] [6] [7] [8] [9] <quadratic.pdf, id=102, 397.
485pt x 289.08pt>
File: quadratic.pdf Graphic file (type pdf)

<use quadratic.pdf>
Package pdftex.def Info: quadratic.pdf used on input line 345.
(pdftex.def)             Requested size: 375.80544pt x 273.32318pt.
 [10 <./quadratic.pdf>] [11]
<quadratic-fit.pdf, id=120, 397.485pt x 289.08pt>
File: quadratic-fit.pdf Graphic file (type pdf)
 <use quadratic-fit.pdf>
Package pdftex.def Info: quadratic-fit.pdf used on input line 421.
(pdftex.def)             Requested size: 375.80544pt x 273.32318pt.

[12 <./quadratic-fit.pdf>] [13] <agequad.pdf, id=140, 397.485pt x 289.08pt>
File: agequad.pdf Graphic file (type pdf)

<use agequad.pdf>
Package pdftex.def Info: agequad.pdf used on input line 517.
(pdftex.def)             Requested size: 375.80544pt x 273.32318pt.
 [14 <./agequad.pdf>] [15] (./regression.aux) ) 
Here is how much of TeX's memory you used:
 4594 strings out of 493488
 65981 string characters out of 3141326
 140538 words of memory out of 3000000
 7670 multiletter control sequences out of 15000+200000
 12522 words of font info for 49 fonts, out of 3000000 for 9000
 1118 hyphenation exceptions out of 8191
 44i,11n,46p,1075b,377s stack positions out of 5000i,500n,10000p,200000b,50000s
</usr/local/texlive/2012/texmf-d
ist/fonts/type1/public/amsfonts/cm/cmbx12.pfb></usr/local/texlive/2012/texmf-di
st/fonts/type1/public/amsfonts/cm/cmcsc10.pfb></usr/local/texlive/2012/texmf-di
st/fonts/type1/public/amsfonts/cm/cmmi12.pfb></usr/local/texlive/2012/texmf-dis
t/fonts/type1/public/amsfonts/cm/cmr10.pfb></usr/local/texlive/2012/texmf-dist/
fonts/type1/public/amsfonts/cm/cmr12.pfb></usr/local/texlive/2012/texmf-dist/fo
nts/type1/public/amsfonts/cm/cmr8.pfb></usr/local/texlive/2012/texmf-dist/fonts
/type1/public/amsfonts/cm/cmr9.pfb></usr/local/texlive/2012/texmf-dist/fonts/ty
pe1/public/amsfonts/cm/cmsy10.pfb></usr/local/texlive/2012/texmf-dist/fonts/typ
e1/public/amsfonts/cm/cmti10.pfb></usr/local/texlive/2012/texmf-dist/fonts/type
1/public/amsfonts/cm/cmti12.pfb></usr/local/texlive/2012/texmf-dist/fonts/type1
/public/amsfonts/cm/cmtt10.pfb></usr/local/texlive/2012/texmf-dist/fonts/type1/
public/amsfonts/cm/cmtt12.pfb>
Output written on regression.pdf (15 pages, 907218 bytes).
PDF statistics:
 198 PDF objects out of 1000 (max. 8388607)
 143 compressed objects within 2 object streams
 0 named destinations out of 1000 (max. 500000)
 41 words of extra memory for PDF output out of 10000 (max. 10000000)

