This is pdfTeX, Version 3.1415926-2.4-1.40.13 (TeX Live 2012) (format=pdflatex 2012.6.30)  16 JAN 2014 09:50
entering extended mode
 restricted \write18 enabled.
 file:line:error style messages enabled.
 %&-line parsing enabled.
**"factor variables.tex"
(./factor variables.tex
LaTeX2e <2011/06/27>
Babel <v3.8m> and hyphenation patterns for english, dumylang, nohyphenation, ge
rman-x-2012-05-30, ngerman-x-2012-05-30, afrikaans, ancientgreek, ibycus, arabi
c, armenian, basque, bulgarian, catalan, pinyin, coptic, croatian, czech, danis
h, dutch, ukenglish, usenglishmax, esperanto, estonian, ethiopic, farsi, finnis
h, french, friulan, galician, german, ngerman, swissgerman, monogreek, greek, h
ungarian, icelandic, assamese, bengali, gujarati, hindi, kannada, malayalam, ma
rathi, oriya, panjabi, tamil, telugu, indonesian, interlingua, irish, italian, 
kurmanji, latin, latvian, lithuanian, mongolian, mongolianlmc, bokmal, nynorsk,
 polish, portuguese, romanian, romansh, russian, sanskrit, serbian, serbianc, s
lovak, slovenian, spanish, swedish, turkish, turkmen, ukrainian, uppersorbian, 
welsh, loaded.
(/usr/local/texlive/2012/texmf-dist/tex/latex/base/article.cls
Document Class: article 2007/10/19 v1.4h Standard LaTeX document class
(/usr/local/texlive/2012/texmf-dist/tex/latex/base/size12.clo
File: size12.clo 2007/10/19 v1.4h Standard LaTeX file (size option)
)
\c@part=\count79
\c@section=\count80
\c@subsection=\count81
\c@subsubsection=\count82
\c@paragraph=\count83
\c@subparagraph=\count84
\c@figure=\count85
\c@table=\count86
\abovecaptionskip=\skip41
\belowcaptionskip=\skip42
\bibindent=\dimen102
)
(/usr/local/texlive/2012/texmf-dist/tex/latex/geometry/geometry.sty
Package: geometry 2010/09/12 v5.6 Page Geometry

(/usr/local/texlive/2012/texmf-dist/tex/latex/graphics/keyval.sty
Package: keyval 1999/03/16 v1.13 key=value parser (DPC)
\KV@toks@=\toks14
)
(/usr/local/texlive/2012/texmf-dist/tex/generic/oberdiek/ifpdf.sty
Package: ifpdf 2011/01/30 v2.3 Provides the ifpdf switch (HO)
Package ifpdf Info: pdfTeX in PDF mode is detected.
)
(/usr/local/texlive/2012/texmf-dist/tex/generic/oberdiek/ifvtex.sty
Package: ifvtex 2010/03/01 v1.5 Detect VTeX and its facilities (HO)
Package ifvtex Info: VTeX not detected.
)
(/usr/local/texlive/2012/texmf-dist/tex/generic/ifxetex/ifxetex.sty
Package: ifxetex 2010/09/12 v0.6 Provides ifxetex conditional
)
\Gm@cnth=\count87
\Gm@cntv=\count88
\c@Gm@tempcnt=\count89
\Gm@bindingoffset=\dimen103
\Gm@wd@mp=\dimen104
\Gm@odd@mp=\dimen105
\Gm@even@mp=\dimen106
\Gm@layoutwidth=\dimen107
\Gm@layoutheight=\dimen108
\Gm@layouthoffset=\dimen109
\Gm@layoutvoffset=\dimen110
\Gm@dimlist=\toks15
)
(/usr/local/texlive/2012/texmf-dist/tex/latex/parskip/parskip.sty
Package: parskip 2001/04/09 non-zero parskip adjustments
)
(/usr/local/texlive/2012/texmf-dist/tex/latex/graphics/graphicx.sty
Package: graphicx 1999/02/16 v1.0f Enhanced LaTeX Graphics (DPC,SPQR)

(/usr/local/texlive/2012/texmf-dist/tex/latex/graphics/graphics.sty
Package: graphics 2009/02/05 v1.0o Standard LaTeX Graphics (DPC,SPQR)

(/usr/local/texlive/2012/texmf-dist/tex/latex/graphics/trig.sty
Package: trig 1999/03/16 v1.09 sin cos tan (DPC)
)
(/usr/local/texlive/2012/texmf-dist/tex/latex/latexconfig/graphics.cfg
File: graphics.cfg 2010/04/23 v1.9 graphics configuration of TeX Live
)
Package graphics Info: Driver file: pdftex.def on input line 91.

(/usr/local/texlive/2012/texmf-dist/tex/latex/pdftex-def/pdftex.def
File: pdftex.def 2011/05/27 v0.06d Graphics/color for pdfTeX

(/usr/local/texlive/2012/texmf-dist/tex/generic/oberdiek/infwarerr.sty
Package: infwarerr 2010/04/08 v1.3 Providing info/warning/error messages (HO)
)
(/usr/local/texlive/2012/texmf-dist/tex/generic/oberdiek/ltxcmds.sty
Package: ltxcmds 2011/11/09 v1.22 LaTeX kernel commands for general use (HO)
)
\Gread@gobject=\count90
))
\Gin@req@height=\dimen111
\Gin@req@width=\dimen112
)
(/usr/local/texlive/2012/texmf-dist/tex/latex/amsfonts/amssymb.sty
Package: amssymb 2009/06/22 v3.00

(/usr/local/texlive/2012/texmf-dist/tex/latex/amsfonts/amsfonts.sty
Package: amsfonts 2009/06/22 v3.00 Basic AMSFonts support
\@emptytoks=\toks16
\symAMSa=\mathgroup4
\symAMSb=\mathgroup5
LaTeX Font Info:    Overwriting math alphabet `\mathfrak' in version `bold'
(Font)                  U/euf/m/n --> U/euf/b/n on input line 96.
))
(./factor variables.aux)
\openout1 = `"factor variables.aux"'.

LaTeX Font Info:    Checking defaults for OML/cmm/m/it on input line 14.
LaTeX Font Info:    ... okay on input line 14.
LaTeX Font Info:    Checking defaults for T1/cmr/m/n on input line 14.
LaTeX Font Info:    ... okay on input line 14.
LaTeX Font Info:    Checking defaults for OT1/cmr/m/n on input line 14.
LaTeX Font Info:    ... okay on input line 14.
LaTeX Font Info:    Checking defaults for OMS/cmsy/m/n on input line 14.
LaTeX Font Info:    ... okay on input line 14.
LaTeX Font Info:    Checking defaults for OMX/cmex/m/n on input line 14.
LaTeX Font Info:    ... okay on input line 14.
LaTeX Font Info:    Checking defaults for U/cmr/m/n on input line 14.
LaTeX Font Info:    ... okay on input line 14.

*geometry* driver: auto-detecting
*geometry* detected driver: pdftex
*geometry* verbose mode - [ preamble ] result:
* driver: pdftex
* paper: letterpaper
* layout: <same size as paper>
* layoutoffset:(h,v)=(0.0pt,0.0pt)
* modes: 
* h-part:(L,W,R)=(72.26999pt, 469.75502pt, 72.26999pt)
* v-part:(T,H,B)=(72.26999pt, 650.43001pt, 72.26999pt)
* \paperwidth=614.295pt
* \paperheight=794.96999pt
* \textwidth=469.75502pt
* \textheight=650.43001pt
* \oddsidemargin=0.0pt
* \evensidemargin=0.0pt
* \topmargin=-37.0pt
* \headheight=12.0pt
* \headsep=25.0pt
* \topskip=12.0pt
* \footskip=30.0pt
* \marginparwidth=44.0pt
* \marginparsep=10.0pt
* \columnsep=10.0pt
* \skip\footins=10.8pt plus 4.0pt minus 2.0pt
* \hoffset=0.0pt
* \voffset=0.0pt
* \mag=1000
* \@twocolumnfalse
* \@twosidefalse
* \@mparswitchfalse
* \@reversemarginfalse
* (1in=72.27pt=25.4mm, 1cm=28.453pt)

(/usr/local/texlive/2012/texmf-dist/tex/context/base/supp-pdf.mkii
[Loading MPS to PDF converter (version 2006.09.02).]
\scratchcounter=\count91
\scratchdimen=\dimen113
\scratchbox=\box26
\nofMPsegments=\count92
\nofMParguments=\count93
\everyMPshowfont=\toks17
\MPscratchCnt=\count94
\MPscratchDim=\dimen114
\MPnumerator=\count95
\makeMPintoPDFobject=\count96
\everyMPtoPDFconversion=\toks18
) (/usr/local/texlive/2012/texmf-dist/tex/generic/oberdiek/pdftexcmds.sty
Package: pdftexcmds 2011/11/29 v0.20 Utility functions of pdfTeX for LuaTeX (HO
)

(/usr/local/texlive/2012/texmf-dist/tex/generic/oberdiek/ifluatex.sty
Package: ifluatex 2010/03/01 v1.3 Provides the ifluatex switch (HO)
Package ifluatex Info: LuaTeX not detected.
)
Package pdftexcmds Info: LuaTeX not detected.
Package pdftexcmds Info: \pdf@primitive is available.
Package pdftexcmds Info: \pdf@ifprimitive is available.
Package pdftexcmds Info: \pdfdraftmode found.
)
(/usr/local/texlive/2012/texmf-dist/tex/latex/oberdiek/epstopdf-base.sty
Package: epstopdf-base 2010/02/09 v2.5 Base part for package epstopdf

(/usr/local/texlive/2012/texmf-dist/tex/latex/oberdiek/grfext.sty
Package: grfext 2010/08/19 v1.1 Manage graphics extensions (HO)

(/usr/local/texlive/2012/texmf-dist/tex/generic/oberdiek/kvdefinekeys.sty
Package: kvdefinekeys 2011/04/07 v1.3 Define keys (HO)
))
(/usr/local/texlive/2012/texmf-dist/tex/latex/oberdiek/kvoptions.sty
Package: kvoptions 2011/06/30 v3.11 Key value format for package options (HO)

(/usr/local/texlive/2012/texmf-dist/tex/generic/oberdiek/kvsetkeys.sty
Package: kvsetkeys 2012/04/25 v1.16 Key value parser (HO)

(/usr/local/texlive/2012/texmf-dist/tex/generic/oberdiek/etexcmds.sty
Package: etexcmds 2011/02/16 v1.5 Avoid name clashes with e-TeX commands (HO)
Package etexcmds Info: Could not find \expanded.
(etexcmds)             That can mean that you are not using pdfTeX 1.50 or
(etexcmds)             that some package has redefined \expanded.
(etexcmds)             In the latter case, load this package earlier.
)))
Package grfext Info: Graphics extension search list:
(grfext)             [.png,.pdf,.jpg,.mps,.jpeg,.jbig2,.jb2,.PNG,.PDF,.JPG,.JPE
G,.JBIG2,.JB2,.eps]
(grfext)             \AppendGraphicsExtensions on input line 452.

(/usr/local/texlive/2012/texmf-dist/tex/latex/latexconfig/epstopdf-sys.cfg
File: epstopdf-sys.cfg 2010/07/13 v1.3 Configuration of (r)epstopdf for TeX Liv
e
))
LaTeX Font Info:    Try loading font information for U+msa on input line 15.

(/usr/local/texlive/2012/texmf-dist/tex/latex/amsfonts/umsa.fd
File: umsa.fd 2009/06/22 v3.00 AMS symbols A
)
LaTeX Font Info:    Try loading font information for U+msb on input line 15.

(/usr/local/texlive/2012/texmf-dist/tex/latex/amsfonts/umsb.fd
File: umsb.fd 2009/06/22 v3.00 AMS symbols B
)
Overfull \hbox (42.09859pt too wide) in paragraph at lines 21--31
[][] 
 []


Overfull \hbox (11.89522pt too wide) in paragraph at lines 44--44
[]\OT1/cmtt/m/n/12 ------------------------------------------------------------
------------------[] 
 []


Overfull \hbox (11.89522pt too wide) in paragraph at lines 44--44
[]        \OT1/cmtt/m/n/12 EDUC |      Coef.   Std. Err.      t    P>|t|     [9
5% Conf. Interval][] 
 []


Overfull \hbox (11.89522pt too wide) in paragraph at lines 44--44
[]\OT1/cmtt/m/n/12 -------------+----------------------------------------------
------------------[] 
 []


Overfull \hbox (11.89522pt too wide) in paragraph at lines 44--44
[]    \OT1/cmtt/m/n/12 POLVIEWS |  -.1248473   .0183561    -6.80   0.000    -.1
608279   -.0888668[] 
 []


Overfull \hbox (11.89522pt too wide) in paragraph at lines 44--44
[]       \OT1/cmtt/m/n/12 _cons |   13.97524     .07997   174.76   0.000     13
.81849    14.13199[] 
 []


Overfull \hbox (11.89522pt too wide) in paragraph at lines 44--44
[]\OT1/cmtt/m/n/12 ------------------------------------------------------------
------------------[] 
 []

[1

{/usr/local/texlive/2012/texmf-var/fonts/map/pdftex/updmap/pdftex.map}]
Overfull \hbox (11.89522pt too wide) in paragraph at lines 65--65
[]\OT1/cmtt/m/n/12 ------------------------------------------------------------
------------------[] 
 []


Overfull \hbox (11.89522pt too wide) in paragraph at lines 65--65
[]        \OT1/cmtt/m/n/12 EDUC |      Coef.   Std. Err.      t    P>|t|     [9
5% Conf. Interval][] 
 []


Overfull \hbox (11.89522pt too wide) in paragraph at lines 65--65
[]\OT1/cmtt/m/n/12 -------------+----------------------------------------------
------------------[] 
 []


Overfull \hbox (11.89522pt too wide) in paragraph at lines 65--65
[]          \OT1/cmtt/m/n/12 2  |   .2452808   .1560552     1.57   0.116    -.0
606091    .5511707[] 
 []


Overfull \hbox (11.89522pt too wide) in paragraph at lines 65--65
[]          \OT1/cmtt/m/n/12 3  |   .0027932   .1563809     0.02   0.986    -.3
037352    .3093215[] 
 []


Overfull \hbox (11.89522pt too wide) in paragraph at lines 65--65
[]          \OT1/cmtt/m/n/12 4  |  -.8235205   .1428313    -5.77   0.000     -1
.10349   -.5435512[] 
 []


Overfull \hbox (11.89522pt too wide) in paragraph at lines 65--65
[]          \OT1/cmtt/m/n/12 5  |  -.1274898   .1525671    -0.84   0.403    -.4
265427    .1715632[] 
 []


Overfull \hbox (11.89522pt too wide) in paragraph at lines 65--65
[]          \OT1/cmtt/m/n/12 6  |  -.3355454   .1511146    -2.22   0.026    -.6
317512   -.0393396[] 
 []


Overfull \hbox (11.89522pt too wide) in paragraph at lines 65--65
[]          \OT1/cmtt/m/n/12 7  |  -1.036269   .1918869    -5.40   0.000    -1.
412394    -.660144[] 
 []


Overfull \hbox (11.89522pt too wide) in paragraph at lines 65--65
[]       \OT1/cmtt/m/n/12 _cons |   13.86157   .1366483   101.44   0.000     13
.59372    14.12942[] 
 []


Overfull \hbox (11.89522pt too wide) in paragraph at lines 65--65
[]\OT1/cmtt/m/n/12 ------------------------------------------------------------
------------------[] 
 []


Overfull \hbox (11.89522pt too wide) in paragraph at lines 84--84
[]\OT1/cmtt/m/n/12 ------------------------------------------------------------
------------------[] 
 []


Overfull \hbox (11.89522pt too wide) in paragraph at lines 84--84
[]        \OT1/cmtt/m/n/12 EDUC |      Coef.   Std. Err.      t    P>|t|     [9
5% Conf. Interval][] 
 []


Overfull \hbox (11.89522pt too wide) in paragraph at lines 84--84
[]\OT1/cmtt/m/n/12 -------------+----------------------------------------------
------------------[] 
 []


Overfull \hbox (11.89522pt too wide) in paragraph at lines 84--84
[]          \OT1/cmtt/m/n/12 1  |   .8235205   .1428313     5.77   0.000     .5
435512     1.10349[] 
 []


Overfull \hbox (11.89522pt too wide) in paragraph at lines 84--84
[]          \OT1/cmtt/m/n/12 2  |   1.068801   .0860726    12.42   0.000      .
900087    1.237516[] 
 []


Overfull \hbox (11.89522pt too wide) in paragraph at lines 84--84
[]          \OT1/cmtt/m/n/12 3  |   .8263137   .0866617     9.53   0.000     .6
564446    .9961828[] 
 []


Overfull \hbox (11.89522pt too wide) in paragraph at lines 84--84
[]          \OT1/cmtt/m/n/12 5  |   .6960308   .0795739     8.75   0.000     .5
400547    .8520068[] 
 []


Overfull \hbox (11.89522pt too wide) in paragraph at lines 84--84
[]          \OT1/cmtt/m/n/12 6  |   .4879752   .0767523     6.36   0.000       
.33753    .6384204[] 
 []


Overfull \hbox (11.89522pt too wide) in paragraph at lines 84--84
[]          \OT1/cmtt/m/n/12 7  |  -.2127485   .1409817    -1.51   0.131    -.4
890924    .0635954[] 
 []


Overfull \hbox (11.89522pt too wide) in paragraph at lines 84--84
[]       \OT1/cmtt/m/n/12 _cons |   13.03805   .0415696   313.64   0.000     12
.95657    13.11953[] 
 []


Overfull \hbox (11.89522pt too wide) in paragraph at lines 84--84
[]\OT1/cmtt/m/n/12 ------------------------------------------------------------
------------------[] 
 []

[2]
Overfull \hbox (11.89522pt too wide) in paragraph at lines 111--111
[]\OT1/cmtt/m/n/12 ------------------------------------------------------------
------------------[] 
 []


Overfull \hbox (11.89522pt too wide) in paragraph at lines 111--111
[]        \OT1/cmtt/m/n/12 EDUC |      Coef.   Std. Err.      t    P>|t|     [9
5% Conf. Interval][] 
 []


Overfull \hbox (11.89522pt too wide) in paragraph at lines 111--111
[]\OT1/cmtt/m/n/12 -------------+----------------------------------------------
------------------[] 
 []


Overfull \hbox (11.89522pt too wide) in paragraph at lines 111--111
[]          \OT1/cmtt/m/n/12 1  |   .8235205   .1428313     5.77   0.000     .5
435512     1.10349[] 
 []


Overfull \hbox (11.89522pt too wide) in paragraph at lines 111--111
[]          \OT1/cmtt/m/n/12 2  |   1.068801   .0860726    12.42   0.000      .
900087    1.237516[] 
 []


Overfull \hbox (11.89522pt too wide) in paragraph at lines 111--111
[]          \OT1/cmtt/m/n/12 3  |   .8263137   .0866617     9.53   0.000     .6
564446    .9961828[] 
 []


Overfull \hbox (11.89522pt too wide) in paragraph at lines 111--111
[]          \OT1/cmtt/m/n/12 5  |   .6960308   .0795739     8.75   0.000     .5
400547    .8520068[] 
 []


Overfull \hbox (11.89522pt too wide) in paragraph at lines 111--111
[]          \OT1/cmtt/m/n/12 6  |   .4879752   .0767523     6.36   0.000       
.33753    .6384204[] 
 []


Overfull \hbox (11.89522pt too wide) in paragraph at lines 111--111
[]          \OT1/cmtt/m/n/12 7  |  -.2127485   .1409817    -1.51   0.131    -.4
890924    .0635954[] 
 []


Overfull \hbox (11.89522pt too wide) in paragraph at lines 111--111
[]       \OT1/cmtt/m/n/12 _cons |   13.03805   .0415696   313.64   0.000     12
.95657    13.11953[] 
 []


Overfull \hbox (11.89522pt too wide) in paragraph at lines 111--111
[]\OT1/cmtt/m/n/12 ------------------------------------------------------------
------------------[] 
 []

[3]
Overfull \hbox (11.89522pt too wide) in paragraph at lines 164--164
[]\OT1/cmtt/m/n/12 ------------------------------------------------------------
------------------[] 
 []


Overfull \hbox (11.89522pt too wide) in paragraph at lines 164--164
[]        \OT1/cmtt/m/n/12 EDUC |      Coef.   Std. Err.      t    P>|t|     [9
5% Conf. Interval][] 
 []


Overfull \hbox (11.89522pt too wide) in paragraph at lines 164--164
[]\OT1/cmtt/m/n/12 -------------+----------------------------------------------
------------------[] 
 []


Overfull \hbox (11.89522pt too wide) in paragraph at lines 164--164
[]       \OT1/cmtt/m/n/12 2.SEX |     .47561   .2759397     1.72   0.085    -.0
652705     1.01649[] 
 []


Overfull \hbox (11.89522pt too wide) in paragraph at lines 164--164
[]          \OT1/cmtt/m/n/12 2  |   .3613743   .2388327     1.51   0.130    -.1
067713    .8295199[] 
 []


Overfull \hbox (11.89522pt too wide) in paragraph at lines 164--164
[]          \OT1/cmtt/m/n/12 3  |   .2344999   .2381342     0.98   0.325    -.2
322765    .7012764[] 
 []


Overfull \hbox (11.89522pt too wide) in paragraph at lines 164--164
[]          \OT1/cmtt/m/n/12 4  |  -.5513693    .218091    -2.53   0.011    -.9
788581   -.1238805[] 
 []


Overfull \hbox (11.89522pt too wide) in paragraph at lines 164--164
[]          \OT1/cmtt/m/n/12 5  |   .3614134   .2302676     1.57   0.117    -.0
899433    .8127701[] 
 []


Overfull \hbox (11.89522pt too wide) in paragraph at lines 164--164
[]          \OT1/cmtt/m/n/12 6  |   .1740083   .2281394     0.76   0.446    -.2
731767    .6211934[] 
 []


Overfull \hbox (11.89522pt too wide) in paragraph at lines 164--164
[]          \OT1/cmtt/m/n/12 7  |  -.5067274   .2843459    -1.78   0.075    -1.
064085    .0506304[] 
 []


Overfull \hbox (11.89522pt too wide) in paragraph at lines 164--164
[]        \OT1/cmtt/m/n/12 2 2  |  -.2059436   .3152785    -0.65   0.514    -.8
239337    .4120464[] 
 []


Overfull \hbox (11.89522pt too wide) in paragraph at lines 164--164
[]        \OT1/cmtt/m/n/12 2 3  |  -.4033632    .315548    -1.28   0.201    -1.
021881    .2151551[] 
 []


Overfull \hbox (11.89522pt too wide) in paragraph at lines 164--164
[]        \OT1/cmtt/m/n/12 2 4  |   -.475527   .2883906    -1.65   0.099    -1.
040813    .0897589[] 
 []


Overfull \hbox (11.89522pt too wide) in paragraph at lines 164--164
[]        \OT1/cmtt/m/n/12 2 5  |  -.8976255   .3074692    -2.92   0.004    -1.
500308   -.2949428[] 
 []


Overfull \hbox (11.89522pt too wide) in paragraph at lines 164--164
[]        \OT1/cmtt/m/n/12 2 6  |  -.9415219   .3045796    -3.09   0.002    -1.
538541   -.3445032[] 
 []


Overfull \hbox (11.89522pt too wide) in paragraph at lines 164--164
[]        \OT1/cmtt/m/n/12 2 7  |  -.9762233   .3855571    -2.53   0.011    -1.
731969   -.2204774[] 
 []


Overfull \hbox (11.89522pt too wide) in paragraph at lines 164--164
[]       \OT1/cmtt/m/n/12 _cons |   13.58937   .2087524    65.10   0.000     13
.18019    13.99856[] 
 []


Overfull \hbox (11.89522pt too wide) in paragraph at lines 164--164
[]\OT1/cmtt/m/n/12 ------------------------------------------------------------
------------------[] 
 []


Overfull \hbox (24.24522pt too wide) in paragraph at lines 193--193
[]\OT1/cmtt/m/n/12 ------------------------------------------------------------
--------------------[] 
 []


Overfull \hbox (24.24522pt too wide) in paragraph at lines 193--193
[]          \OT1/cmtt/m/n/12 EDUC |      Coef.   Std. Err.      t    P>|t|     
[95% Conf. Interval][] 
 []


Overfull \hbox (24.24522pt too wide) in paragraph at lines 193--193
[]\OT1/cmtt/m/n/12 ---------------+--------------------------------------------
--------------------[] 
 []


Overfull \hbox (24.24522pt too wide) in paragraph at lines 193--193
[]           \OT1/cmtt/m/n/12 AGE |   .0042395   .0080479     0.53   0.598    -
.0115355    .0200145[] 
 []


Overfull \hbox (24.24522pt too wide) in paragraph at lines 193--193
[]            \OT1/cmtt/m/n/12 2  |   .6628868    .438429     1.51   0.131    -
.1964956    1.522269[] 
 []


Overfull \hbox (24.24522pt too wide) in paragraph at lines 193--193
[]            \OT1/cmtt/m/n/12 3  |   .3190494   .4413477     0.72   0.470    -
.5460541    1.184153[] 
 []


Overfull \hbox (24.24522pt too wide) in paragraph at lines 193--193
[]            \OT1/cmtt/m/n/12 4  |   .1462598   .4014724     0.36   0.716    -
.6406825    .9332021[] 
 []


Overfull \hbox (24.24522pt too wide) in paragraph at lines 193--193
[]            \OT1/cmtt/m/n/12 5  |   1.026635   .4344239     2.36   0.018     
.1751026    1.878167[] 
 []


Overfull \hbox (24.24522pt too wide) in paragraph at lines 193--193
[]            \OT1/cmtt/m/n/12 6  |   .7496973   .4314904     1.74   0.082    -
.0960845    1.595479[] 
 []


Overfull \hbox (24.24522pt too wide) in paragraph at lines 193--193
[]            \OT1/cmtt/m/n/12 7  |   .6474008   .5718167     1.13   0.258    -
.4734403    1.768242[] 
 []


Overfull \hbox (24.24522pt too wide) in paragraph at lines 193--193
[]            \OT1/cmtt/m/n/12 2  |  -.0091917   .0091819    -1.00   0.317    -
.0271895    .0088061[] 
 []


Overfull \hbox (24.24522pt too wide) in paragraph at lines 193--193
[]            \OT1/cmtt/m/n/12 3  |  -.0068349   .0092625    -0.74   0.461    -
.0249906    .0113209[] 
 []


Overfull \hbox (24.24522pt too wide) in paragraph at lines 193--193
[]            \OT1/cmtt/m/n/12 4  |  -.0208108   .0083921    -2.48   0.013    -
.0372606    -.004361[] 
 []

[4]
Overfull \hbox (24.24522pt too wide) in paragraph at lines 193--193
[]            \OT1/cmtt/m/n/12 5  |  -.0244743   .0090242    -2.71   0.007    -
.0421629   -.0067857[] 
 []


Overfull \hbox (24.24522pt too wide) in paragraph at lines 193--193
[]            \OT1/cmtt/m/n/12 6  |  -.0220221   .0088753    -2.48   0.013    -
.0394189   -.0046252[] 
 []


Overfull \hbox (24.24522pt too wide) in paragraph at lines 193--193
[]            \OT1/cmtt/m/n/12 7  |   -.033427   .0112887    -2.96   0.003    -
.0555543   -.0112996[] 
 []


Overfull \hbox (24.24522pt too wide) in paragraph at lines 193--193
[]         \OT1/cmtt/m/n/12 _cons |   13.66125   .3835279    35.62   0.000     
12.90948    14.41301[] 
 []


Overfull \hbox (24.24522pt too wide) in paragraph at lines 193--193
[]\OT1/cmtt/m/n/12 ------------------------------------------------------------
--------------------[] 
 []


Overfull \hbox (11.89522pt too wide) in paragraph at lines 222--222
[]\OT1/cmtt/m/n/12 ------------------------------------------------------------
------------------[] 
 []


Overfull \hbox (11.89522pt too wide) in paragraph at lines 222--222
[]        \OT1/cmtt/m/n/12 EDUC |      Coef.   Std. Err.      t    P>|t|     [9
5% Conf. Interval][] 
 []


Overfull \hbox (11.89522pt too wide) in paragraph at lines 222--222
[]\OT1/cmtt/m/n/12 -------------+----------------------------------------------
------------------[] 
 []


Overfull \hbox (11.89522pt too wide) in paragraph at lines 222--222
[]       \OT1/cmtt/m/n/12 2.SEX |     .47561   .2759397     1.72   0.085    -.0
652705     1.01649[] 
 []


Overfull \hbox (11.89522pt too wide) in paragraph at lines 222--222
[]          \OT1/cmtt/m/n/12 2  |   .3613743   .2388327     1.51   0.130    -.1
067713    .8295199[] 
 []


Overfull \hbox (11.89522pt too wide) in paragraph at lines 222--222
[]          \OT1/cmtt/m/n/12 3  |   .2344999   .2381342     0.98   0.325    -.2
322765    .7012764[] 
 []


Overfull \hbox (11.89522pt too wide) in paragraph at lines 222--222
[]          \OT1/cmtt/m/n/12 4  |  -.5513693    .218091    -2.53   0.011    -.9
788581   -.1238805[] 
 []


Overfull \hbox (11.89522pt too wide) in paragraph at lines 222--222
[]          \OT1/cmtt/m/n/12 5  |   .3614134   .2302676     1.57   0.117    -.0
899433    .8127701[] 
 []


Overfull \hbox (11.89522pt too wide) in paragraph at lines 222--222
[]          \OT1/cmtt/m/n/12 6  |   .1740083   .2281394     0.76   0.446    -.2
731767    .6211934[] 
 []


Overfull \hbox (11.89522pt too wide) in paragraph at lines 222--222
[]          \OT1/cmtt/m/n/12 7  |  -.5067274   .2843459    -1.78   0.075    -1.
064085    .0506304[] 
 []


Overfull \hbox (11.89522pt too wide) in paragraph at lines 222--222
[]        \OT1/cmtt/m/n/12 2 2  |  -.2059436   .3152785    -0.65   0.514    -.8
239337    .4120464[] 
 []


Overfull \hbox (11.89522pt too wide) in paragraph at lines 222--222
[]        \OT1/cmtt/m/n/12 2 3  |  -.4033632    .315548    -1.28   0.201    -1.
021881    .2151551[] 
 []


Overfull \hbox (11.89522pt too wide) in paragraph at lines 222--222
[]        \OT1/cmtt/m/n/12 2 4  |   -.475527   .2883906    -1.65   0.099    -1.
040813    .0897589[] 
 []


Overfull \hbox (11.89522pt too wide) in paragraph at lines 222--222
[]        \OT1/cmtt/m/n/12 2 5  |  -.8976255   .3074692    -2.92   0.004    -1.
500308   -.2949428[] 
 []


Overfull \hbox (11.89522pt too wide) in paragraph at lines 222--222
[]        \OT1/cmtt/m/n/12 2 6  |  -.9415219   .3045796    -3.09   0.002    -1.
538541   -.3445032[] 
 []


Overfull \hbox (11.89522pt too wide) in paragraph at lines 222--222
[]        \OT1/cmtt/m/n/12 2 7  |  -.9762233   .3855571    -2.53   0.011    -1.
731969   -.2204774[] 
 []


Overfull \hbox (11.89522pt too wide) in paragraph at lines 222--222
[]       \OT1/cmtt/m/n/12 _cons |   13.58937   .2087524    65.10   0.000     13
.18019    13.99856[] 
 []


Overfull \hbox (11.89522pt too wide) in paragraph at lines 222--222
[]\OT1/cmtt/m/n/12 ------------------------------------------------------------
------------------[] 
 []

[5]
Overfull \hbox (7.38606pt too wide) in paragraph at lines 290--290
[]\OT1/cmtt/m/n/10.95 ---------------------------------------------------------
--------------------------[] 
 []


Overfull \hbox (7.38606pt too wide) in paragraph at lines 290--290
[]             \OT1/cmtt/m/n/10.95 EDUC |      Coef.   Std. Err.      t    P>|t
|     [95% Conf. Interval][] 
 []


Overfull \hbox (7.38606pt too wide) in paragraph at lines 290--290
[]\OT1/cmtt/m/n/10.95 ------------------+--------------------------------------
--------------------------[] 
 []


Overfull \hbox (7.38606pt too wide) in paragraph at lines 290--290
[]            \OT1/cmtt/m/n/10.95 2.SEX |   .4441819   .3258858     1.36   0.17
3    -.1946001    1.082964[] 
 []


Overfull \hbox (7.38606pt too wide) in paragraph at lines 290--290
[]               \OT1/cmtt/m/n/10.95 2  |   .1188739   .2803632     0.42   0.67
2    -.4306772    .6684251[] 
 []


Overfull \hbox (7.38606pt too wide) in paragraph at lines 290--290
[]               \OT1/cmtt/m/n/10.95 3  |  -.0356943   .2777314    -0.13   0.89
8    -.5800867    .5086981[] 
 []


Overfull \hbox (7.38606pt too wide) in paragraph at lines 290--290
[]               \OT1/cmtt/m/n/10.95 4  |  -1.087544   .2549151    -4.27   0.00
0    -1.587213   -.5878742[] 
 []


Overfull \hbox (7.38606pt too wide) in paragraph at lines 290--290
[]               \OT1/cmtt/m/n/10.95 5  |    .006421   .2661787     0.02   0.98
1    -.5153265    .5281685[] 
 []


Overfull \hbox (7.38606pt too wide) in paragraph at lines 290--290
[]               \OT1/cmtt/m/n/10.95 6  |  -.1875431   .2631917    -0.71   0.47
6    -.7034357    .3283495[] 
 []


Overfull \hbox (7.38606pt too wide) in paragraph at lines 290--290
[]               \OT1/cmtt/m/n/10.95 7  |  -.6005161   .3213019    -1.87   0.06
2    -1.230313    .0292808[] 
 []


Overfull \hbox (7.38606pt too wide) in paragraph at lines 290--290
[]             \OT1/cmtt/m/n/10.95 2 2  |  -.1187812   .3712865    -0.32   0.74
9    -.8465548    .6089924[] 
 []


Overfull \hbox (7.38606pt too wide) in paragraph at lines 290--290
[]             \OT1/cmtt/m/n/10.95 2 3  |  -.3399038   .3698596    -0.92   0.35
8     -1.06488    .3850728[] 
 []


Overfull \hbox (7.38606pt too wide) in paragraph at lines 290--290
[]             \OT1/cmtt/m/n/10.95 2 4  |  -.4184207   .3395514    -1.23   0.21
8    -1.083989    .2471477[] 
 []


Overfull \hbox (7.38606pt too wide) in paragraph at lines 290--290
[]             \OT1/cmtt/m/n/10.95 2 5  |  -.8837868   .3581756    -2.47   0.01
4    -1.585861   -.1817123[] 
 []


Overfull \hbox (7.38606pt too wide) in paragraph at lines 290--290
[]             \OT1/cmtt/m/n/10.95 2 6  |  -.8971659   .3539616    -2.53   0.01
1     -1.59098   -.2033516[] 
 []


Overfull \hbox (7.38606pt too wide) in paragraph at lines 290--290
[]             \OT1/cmtt/m/n/10.95 2 7  |  -1.131034   .4451843    -2.54   0.01
1    -2.003657   -.2584102[] 
 []


Overfull \hbox (7.38606pt too wide) in paragraph at lines 290--290
[]               \OT1/cmtt/m/n/10.95 2  |  -1.891156   .5190791    -3.64   0.00
0    -2.908624   -.8736885[] 
 []


Overfull \hbox (7.38606pt too wide) in paragraph at lines 290--290
[]               \OT1/cmtt/m/n/10.95 3  |  -2.343537   .7408547    -3.16   0.00
2    -3.795717   -.8913583[] 
 []


Overfull \hbox (7.38606pt too wide) in paragraph at lines 290--290
[]             \OT1/cmtt/m/n/10.95 2 2  |   -.133122   .6765598    -0.20   0.84
4    -1.459274     1.19303[] 
 []


Overfull \hbox (7.38606pt too wide) in paragraph at lines 290--290
[]             \OT1/cmtt/m/n/10.95 2 3  |   1.202485   .9732746     1.24   0.21
7    -.7052699    3.110239[] 
 []


Overfull \hbox (7.38606pt too wide) in paragraph at lines 290--290
[]             \OT1/cmtt/m/n/10.95 2 2  |   .7228628   .6119335     1.18   0.23
8    -.4766128    1.922338[] 
 []


Overfull \hbox (7.38606pt too wide) in paragraph at lines 290--290
[]             \OT1/cmtt/m/n/10.95 2 3  |   1.200854   .8108066     1.48   0.13
9    -.3884407    2.790149[] 
 []


Overfull \hbox (7.38606pt too wide) in paragraph at lines 290--290
[]             \OT1/cmtt/m/n/10.95 3 2  |   .5775662   .6227936     0.93   0.35
4    -.6431966    1.798329[] 
 []


Overfull \hbox (7.38606pt too wide) in paragraph at lines 290--290
[]             \OT1/cmtt/m/n/10.95 3 3  |    1.19125   .8148141     1.46   0.14
4    -.4059001      2.7884[] 
 []


Overfull \hbox (7.38606pt too wide) in paragraph at lines 290--290
[]             \OT1/cmtt/m/n/10.95 4 2  |    1.68555   .5511719     3.06   0.00
2     .6051759    2.765925[] 
 []


Overfull \hbox (7.38606pt too wide) in paragraph at lines 290--290
[]             \OT1/cmtt/m/n/10.95 4 3  |   2.115555    .768735     2.75   0.00
6     .6087263    3.622383[] 
 []


Overfull \hbox (7.38606pt too wide) in paragraph at lines 290--290
[]             \OT1/cmtt/m/n/10.95 5 2  |   .4362598   .6237646     0.70   0.48
4    -.7864064    1.658926[] 
 []


Overfull \hbox (7.38606pt too wide) in paragraph at lines 290--290
[]             \OT1/cmtt/m/n/10.95 5 3  |   .8963568   .8258861     1.09   0.27
8    -.7224959    2.515209[] 
 []


Overfull \hbox (7.38606pt too wide) in paragraph at lines 290--290
[]             \OT1/cmtt/m/n/10.95 6 2  |   .3684955   .6523294     0.56   0.57
2    -.9101616    1.647153[] 
 []


Overfull \hbox (7.38606pt too wide) in paragraph at lines 290--290
[]             \OT1/cmtt/m/n/10.95 6 3  |   .1483274   .8292754     0.18   0.85
8    -1.477169    1.773824[] 
 []


Overfull \hbox (7.38606pt too wide) in paragraph at lines 290--290
[]             \OT1/cmtt/m/n/10.95 7 2  |  -.5472672   .7850557    -0.70   0.48
6    -2.086087    .9915522[] 
 []


Overfull \hbox (7.38606pt too wide) in paragraph at lines 290--290
[]             \OT1/cmtt/m/n/10.95 7 3  |  -2.532817   1.213427    -2.09   0.03
7    -4.911305   -.1543299[] 
 []


Overfull \hbox (7.38606pt too wide) in paragraph at lines 290--290
[]           \OT1/cmtt/m/n/10.95 2 2 2  |   -.281755   .7945975    -0.35   0.72
3    -1.839278    1.275767[] 
 []


Overfull \hbox (7.38606pt too wide) in paragraph at lines 290--290
[]           \OT1/cmtt/m/n/10.95 2 2 3  |  -1.510215   1.084467    -1.39   0.16
4    -3.635923    .6154928[] 
 []


Overfull \hbox (7.38606pt too wide) in paragraph at lines 290--290
[]           \OT1/cmtt/m/n/10.95 2 3 2  |   .0788087   .8058376     0.10   0.92
2    -1.500746    1.658363[] 
 []

[6]
Overfull \hbox (7.38606pt too wide) in paragraph at lines 290--290
[]           \OT1/cmtt/m/n/10.95 2 3 3  |  -1.571014   1.096913    -1.43   0.15
2    -3.721118    .5790894[] 
 []


Overfull \hbox (7.38606pt too wide) in paragraph at lines 290--290
[]           \OT1/cmtt/m/n/10.95 2 4 2  |   .2295453   .7165159     0.32   0.74
9    -1.174926    1.634017[] 
 []


Overfull \hbox (7.38606pt too wide) in paragraph at lines 290--290
[]           \OT1/cmtt/m/n/10.95 2 4 3  |  -1.661019   1.014035    -1.64   0.10
1     -3.64867     .326632[] 
 []


Overfull \hbox (7.38606pt too wide) in paragraph at lines 290--290
[]           \OT1/cmtt/m/n/10.95 2 5 2  |    .565262   .8103806     0.70   0.48
5    -1.023198    2.153722[] 
 []


Overfull \hbox (7.38606pt too wide) in paragraph at lines 290--290
[]           \OT1/cmtt/m/n/10.95 2 5 3  |  -.7288761    1.09214    -0.67   0.50
5    -2.869623    1.411871[] 
 []


Overfull \hbox (7.38606pt too wide) in paragraph at lines 290--290
[]           \OT1/cmtt/m/n/10.95 2 6 2  |   .3871559   .8323598     0.47   0.64
2    -1.244386    2.018698[] 
 []


Overfull \hbox (7.38606pt too wide) in paragraph at lines 290--290
[]           \OT1/cmtt/m/n/10.95 2 6 3  |  -.4591114   1.104427    -0.42   0.67
8    -2.623942     1.70572[] 
 []


Overfull \hbox (7.38606pt too wide) in paragraph at lines 290--290
[]           \OT1/cmtt/m/n/10.95 2 7 2  |   1.587703   1.009605     1.57   0.11
6    -.3912651    3.566672[] 
 []


Overfull \hbox (7.38606pt too wide) in paragraph at lines 290--290
[]           \OT1/cmtt/m/n/10.95 2 7 3  |   2.466185   1.522995     1.62   0.10
5    -.5190987    5.451469[] 
 []


Overfull \hbox (7.38606pt too wide) in paragraph at lines 290--290
[]            \OT1/cmtt/m/n/10.95 _cons |   14.17687   .2446963    57.94   0.00
0     13.69723    14.65651[] 
 []


Overfull \hbox (7.38606pt too wide) in paragraph at lines 290--290
[]\OT1/cmtt/m/n/10.95 ---------------------------------------------------------
--------------------------[] 
 []

[7] (./factor variables.aux) ) 
Here is how much of TeX's memory you used:
 2279 strings out of 493488
 32210 string characters out of 3141326
 102001 words of memory out of 3000000
 5563 multiletter control sequences out of 15000+200000
 12941 words of font info for 51 fonts, out of 3000000 for 9000
 957 hyphenation exceptions out of 8191
 37i,6n,32p,599b,285s stack positions out of 5000i,500n,10000p,200000b,50000s
</usr/local/texlive/2012/texmf-dist/fonts/type1/p
ublic/amsfonts/cm/cmbx12.pfb></usr/local/texlive/2012/texmf-dist/fonts/type1/pu
blic/amsfonts/cm/cmitt10.pfb></usr/local/texlive/2012/texmf-dist/fonts/type1/pu
blic/amsfonts/cm/cmr12.pfb></usr/local/texlive/2012/texmf-dist/fonts/type1/publ
ic/amsfonts/cm/cmr17.pfb></usr/local/texlive/2012/texmf-dist/fonts/type1/public
/amsfonts/cm/cmti12.pfb></usr/local/texlive/2012/texmf-dist/fonts/type1/public/
amsfonts/cm/cmtt10.pfb></usr/local/texlive/2012/texmf-dist/fonts/type1/public/a
msfonts/cm/cmtt12.pfb>
Output written on "factor variables.pdf" (7 pages, 87994 bytes).
PDF statistics:
 56 PDF objects out of 1000 (max. 8388607)
 39 compressed objects within 1 object stream
 0 named destinations out of 1000 (max. 500000)
 1 words of extra memory for PDF output out of 10000 (max. 10000000)

